
                         MODELLER 10.3, 2022/07/08, r12388

     PROTEIN STRUCTURE MODELLING BY SATISFACTION OF SPATIAL RESTRAINTS


                     Copyright(c) 1989-2022 Andrej Sali
                            All Rights Reserved

                             Written by A. Sali
                               with help from
              B. Webb, M.S. Madhusudhan, M-Y. Shen, G.Q. Dong,
          M.A. Marti-Renom, N. Eswar, F. Alber, M. Topf, B. Oliva,
             A. Fiser, R. Sanchez, B. Yerkovich, A. Badretdinov,
                     F. Melo, J.P. Overington, E. Feyfant
                 University of California, San Francisco, USA
                    Rockefeller University, New York, USA
                      Harvard University, Cambridge, USA
                   Imperial Cancer Research Fund, London, UK
              Birkbeck College, University of London, London, UK


Kind, OS, HostName, Kernel, Processor: 4, Windows Vista build 9200, LAPTOP-AUVLS05R, SMP, x86 Family 6 Model 140 Stepping 1

Date and time of compilation         : 2022/07/08 22:25:31
MODELLER executable type             : i386-w32
Job starting time (YY/MM/DD HH:MM:SS): 2022/08/20 14:16:05

openf___224_> Open           $(LIB)/restyp.lib
openf___224_> Open           ${MODINSTALL10v3}/modlib/resgrp.lib
rdresgr_266_> Number of residue groups:        2
openf___224_> Open           ${MODINSTALL10v3}/modlib/sstruc.lib

Dynamically allocated memory at   amaxlibraries [B,KiB,MiB]:       191562     187.072     0.183

Dynamically allocated memory at   amaxlibraries [B,KiB,MiB]:       192090     187.588     0.183
openf___224_> Open           ${MODINSTALL10v3}/modlib/resdih.lib

Dynamically allocated memory at   amaxlibraries [B,KiB,MiB]:       240690     235.049     0.230
rdrdih__263_> Number of dihedral angle types         :        9
              Maximal number of dihedral angle optima:        3
              Dihedral angle names                   :  Alph Phi Psi Omeg chi1 chi2 chi3 chi4 chi5
openf___224_> Open           ${MODINSTALL10v3}/modlib/radii.lib

Dynamically allocated memory at   amaxlibraries [B,KiB,MiB]:       253990     248.037     0.242
openf___224_> Open           ${MODINSTALL10v3}/modlib/af_mnchdef.lib
rdwilmo_274_> Mainchain residue conformation classes:  APBLE
openf___224_> Open           ${MODINSTALL10v3}/modlib/mnch.lib
rdclass_257_> Number of classes:        5
openf___224_> Open           ${MODINSTALL10v3}/modlib/mnch1.lib
openf___224_> Open           ${MODINSTALL10v3}/modlib/mnch2.lib
openf___224_> Open           ${MODINSTALL10v3}/modlib/mnch3.lib
openf___224_> Open           ${MODINSTALL10v3}/modlib/xs4.mat
rdrrwgh_268_> Number of residue types:       21
openf___224_> Open           $(LIB)/top_heav.lib
read_to_681_> topology.submodel read from topology file:        3
openf___224_> Open           $(LIB)/par.lib

Dynamically allocated memory at  amaxparameters [B,KiB,MiB]:       393430     384.209     0.375

Dynamically allocated memory at  amaxparameters [B,KiB,MiB]:       395030     385.771     0.377

Dynamically allocated memory at  amaxparameters [B,KiB,MiB]:       399010     389.658     0.381

Dynamically allocated memory at  amaxparameters [B,KiB,MiB]:       401010     391.611     0.382

Dynamically allocated memory at  amaxparameters [B,KiB,MiB]:       404010     394.541     0.385

Dynamically allocated memory at  amaxparameters [B,KiB,MiB]:       408510     398.936     0.390

Dynamically allocated memory at  amaxparameters [B,KiB,MiB]:       414082     404.377     0.395

Dynamically allocated memory at  amaxparameters [B,KiB,MiB]:       416882     407.111     0.398

Dynamically allocated memory at  amaxparameters [B,KiB,MiB]:       421082     411.213     0.402

Dynamically allocated memory at  amaxparameters [B,KiB,MiB]:       427382     417.365     0.408

Dynamically allocated memory at  amaxparameters [B,KiB,MiB]:       430154     420.072     0.410

Dynamically allocated memory at  amaxparameters [B,KiB,MiB]:       431554     421.439     0.412
read_pa_232_> parameters    BONDS   ANGLS  DIHEDS IMPROPS    MODE
                              227     561     661     112       0
openf___224_> Open           qseq_PHKA2Wild.B99990004.pdb

Dynamically allocated memory at amaxcoordinates [B,KiB,MiB]:       442571     432.198     0.422

Dynamically allocated memory at    amaxsequence [B,KiB,MiB]:       442647     432.272     0.422

Dynamically allocated memory at amaxcoordinates [B,KiB,MiB]:       442818     432.439     0.422

Dynamically allocated memory at amaxcoordinates [B,KiB,MiB]:       443668     433.270     0.423

Dynamically allocated memory at amaxcoordinates [B,KiB,MiB]:       444926     434.498     0.424

Dynamically allocated memory at amaxcoordinates [B,KiB,MiB]:       446830     436.357     0.426

Dynamically allocated memory at    amaxsequence [B,KiB,MiB]:       446870     436.396     0.426

Dynamically allocated memory at amaxcoordinates [B,KiB,MiB]:       446960     436.484     0.426

Dynamically allocated memory at amaxcoordinates [B,KiB,MiB]:       449816     439.273     0.429

Dynamically allocated memory at    amaxsequence [B,KiB,MiB]:       449876     439.332     0.429

Dynamically allocated memory at amaxcoordinates [B,KiB,MiB]:       450011     439.464     0.429

Dynamically allocated memory at amaxcoordinates [B,KiB,MiB]:       454295     443.647     0.433

Dynamically allocated memory at    amaxsequence [B,KiB,MiB]:       454383     443.733     0.433

Dynamically allocated memory at amaxcoordinates [B,KiB,MiB]:       454581     443.927     0.434

Dynamically allocated memory at amaxcoordinates [B,KiB,MiB]:       461007     450.202     0.440

Dynamically allocated memory at    amaxsequence [B,KiB,MiB]:       461139     450.331     0.440

Dynamically allocated memory at amaxcoordinates [B,KiB,MiB]:       461436     450.621     0.440

Dynamically allocated memory at amaxcoordinates [B,KiB,MiB]:       471058     460.018     0.449

Dynamically allocated memory at    amaxsequence [B,KiB,MiB]:       471258     460.213     0.449

Dynamically allocated memory at amaxcoordinates [B,KiB,MiB]:       471708     460.652     0.450

Dynamically allocated memory at amaxcoordinates [B,KiB,MiB]:       486158     474.764     0.464

Dynamically allocated memory at    amaxsequence [B,KiB,MiB]:       486458     475.057     0.464

Dynamically allocated memory at amaxcoordinates [B,KiB,MiB]:       487133     475.716     0.465

Dynamically allocated memory at amaxcoordinates [B,KiB,MiB]:       508791     496.866     0.485

Dynamically allocated memory at    amaxsequence [B,KiB,MiB]:       509239     497.304     0.486

Dynamically allocated memory at amaxcoordinates [B,KiB,MiB]:       510247     498.288     0.487

Dynamically allocated memory at amaxcoordinates [B,KiB,MiB]:       542751     530.030     0.518

Dynamically allocated memory at    amaxsequence [B,KiB,MiB]:       543423     530.687     0.518

Dynamically allocated memory at amaxcoordinates [B,KiB,MiB]:       544935     532.163     0.520

Dynamically allocated memory at amaxcoordinates [B,KiB,MiB]:       593691     579.776     0.566

Dynamically allocated memory at    amaxsequence [B,KiB,MiB]:       594699     580.761     0.567

Dynamically allocated memory at amaxcoordinates [B,KiB,MiB]:       596967     582.976     0.569

Dynamically allocated memory at amaxcoordinates [B,KiB,MiB]:       670101     654.396     0.639

Dynamically allocated memory at    amaxsequence [B,KiB,MiB]:       671613     655.872     0.641

Dynamically allocated memory at amaxcoordinates [B,KiB,MiB]:       675015     659.194     0.644

Dynamically allocated memory at amaxcoordinates [B,KiB,MiB]:       784699     766.308     0.748

Dynamically allocated memory at    amaxsequence [B,KiB,MiB]:       786967     768.522     0.751

Dynamically allocated memory at amaxcoordinates [B,KiB,MiB]:       792070     773.506     0.755

Dynamically allocated memory at amaxcoordinates [B,KiB,MiB]:       956596     934.176     0.912

Dynamically allocated memory at       amaxmodel [B,KiB,MiB]:      2130628    2080.691     2.032
read_mo_297_> Segments, residues, atoms:        1     1235     9733
read_mo_298_> Segment:        1  1:A  1235:A     9733

Dynamically allocated memory at   amaxalignment [B,KiB,MiB]:      2167375    2116.577     2.067

Dynamically allocated memory at   amaxstructure [B,KiB,MiB]:      2884864    2817.250     2.751

Dynamically allocated memory at   amaxalignment [B,KiB,MiB]:      2896535    2828.647     2.762

Dynamically allocated memory at   amaxstructure [B,KiB,MiB]:      3614024    3529.320     3.447

Dynamically allocated memory at       amaxmodel [B,KiB,MiB]:      3759864    3671.742     3.586

mkilst______> segment topology constructed from sequence and RTF:
              segments residues  atoms  bonds angles dihedrals impropers:
                     1     1235   9732   9936      0         0      4147

Dynamically allocated memory at       amaxmodel [B,KiB,MiB]:      4175540    4077.676     3.982

patch_______> segment topology patched using RTF:  1 ;  MET  ;  NTER
              segments residues  atoms  bonds angles dihedrals impropers:
                     1     1235   9732   9936  13470     15879      4147


Dynamically allocated memory at       amaxmodel [B,KiB,MiB]:      4571156    4464.020     4.359
patch_______> segment topology patched using RTF:  1235 ;  GLN  ;  CTER
              segments residues  atoms  bonds angles dihedrals impropers:
                     1     1235   9733   9937  13472     15881      4148

genseg______> segment topology constructed from sequence and RTF:
              segments residues  atoms  bonds angles dihedrals impropers:
                     1     1235   9733   9937  13472     15881      4148
transfe_506_> MODEL is an average of all templates.
transfe_511_> Number of templates for coordinate transfer:        1
              After transferring coordinates of the equivalent template atoms,
              there are defined, undefined atoms in MODEL:     9733        0
openf___224_> Open           ${LIB}/atmcls-mf.lib

Dynamically allocated memory at amaxgroup_restr [B,KiB,MiB]:      3088180    3015.801     2.945

Dynamically allocated memory at amaxgroup_restr [B,KiB,MiB]:      3088244    3015.863     2.945

Dynamically allocated memory at amaxgroup_restr [B,KiB,MiB]:      3088302    3015.920     2.945

Dynamically allocated memory at amaxgroup_restr [B,KiB,MiB]:      3088366    3015.982     2.945

Dynamically allocated memory at amaxgroup_restr [B,KiB,MiB]:      3088432    3016.047     2.945

Dynamically allocated memory at amaxgroup_restr [B,KiB,MiB]:      3088496    3016.109     2.945

Dynamically allocated memory at amaxgroup_restr [B,KiB,MiB]:      3088652    3016.262     2.946

Dynamically allocated memory at amaxgroup_restr [B,KiB,MiB]:      3088780    3016.387     2.946

Dynamically allocated memory at amaxgroup_restr [B,KiB,MiB]:      3089074    3016.674     2.946

Dynamically allocated memory at amaxgroup_restr [B,KiB,MiB]:      3089266    3016.861     2.946

Dynamically allocated memory at amaxgroup_restr [B,KiB,MiB]:      3089770    3017.354     2.947

Dynamically allocated memory at amaxgroup_restr [B,KiB,MiB]:      3090026    3017.604     2.947

Dynamically allocated memory at amaxgroup_restr [B,KiB,MiB]:      3091022    3018.576     2.948

Dynamically allocated memory at amaxgroup_restr [B,KiB,MiB]:      3091406    3018.951     2.948

Dynamically allocated memory at amaxgroup_restr [B,KiB,MiB]:      3091982    3019.514     2.949

Dynamically allocated memory at amaxgroup_restr [B,KiB,MiB]:      3094016    3021.500     2.951

Dynamically allocated memory at amaxgroup_restr [B,KiB,MiB]:      3094912    3022.375     2.952

Dynamically allocated memory at amaxgroup_restr [B,KiB,MiB]:      3099364    3026.723     2.956

Dynamically allocated memory at amaxgroup_restr [B,KiB,MiB]:      3100708    3028.035     2.957

Dynamically allocated memory at amaxgroup_restr [B,KiB,MiB]:      3110326    3037.428     2.966

Dynamically allocated memory at amaxgroup_restr [B,KiB,MiB]:      3112310    3039.365     2.968

Dynamically allocated memory at amaxgroup_restr [B,KiB,MiB]:      3132956    3059.527     2.988

Dynamically allocated memory at amaxgroup_restr [B,KiB,MiB]:      3135964    3062.465     2.991

Dynamically allocated memory at amaxgroup_restr [B,KiB,MiB]:      3181930    3107.354     3.035

Dynamically allocated memory at amaxgroup_restr [B,KiB,MiB]:      3186410    3111.729     3.039

Dynamically allocated memory at amaxgroup_restr [B,KiB,MiB]:      3287630    3210.576     3.135
openf___224_> Open           ${LIB}/dist-mf.lib

Dynamically allocated memory at amaxgroup_restr [B,KiB,MiB]:      3288026    3210.963     3.136

Dynamically allocated memory at amaxgroup_restr [B,KiB,MiB]:      3288822    3211.740     3.136

Dynamically allocated memory at amaxgroup_restr [B,KiB,MiB]:      3289618    3212.518     3.137

Dynamically allocated memory at amaxgroup_restr [B,KiB,MiB]:      3290806    3213.678     3.138

Dynamically allocated memory at amaxgroup_restr [B,KiB,MiB]:      3291206    3214.068     3.139

Dynamically allocated memory at amaxgroup_restr [B,KiB,MiB]:      3291806    3214.654     3.139

Dynamically allocated memory at amaxgroup_restr [B,KiB,MiB]:      3292706    3215.533     3.140

Dynamically allocated memory at amaxgroup_restr [B,KiB,MiB]:      3294054    3216.850     3.141

Dynamically allocated memory at amaxgroup_restr [B,KiB,MiB]:      3294254    3217.045     3.142

Dynamically allocated memory at amaxgroup_restr [B,KiB,MiB]:      3296278    3219.021     3.144

Dynamically allocated memory at amaxgroup_restr [B,KiB,MiB]:      3296578    3219.314     3.144

Dynamically allocated memory at amaxgroup_restr [B,KiB,MiB]:      3299614    3222.279     3.147

Dynamically allocated memory at amaxgroup_restr [B,KiB,MiB]:      3300062    3222.717     3.147

Dynamically allocated memory at amaxgroup_restr [B,KiB,MiB]:      3304614    3227.162     3.152

Dynamically allocated memory at amaxgroup_restr [B,KiB,MiB]:      3305286    3227.818     3.152

Dynamically allocated memory at amaxgroup_restr [B,KiB,MiB]:      3312114    3234.486     3.159

Dynamically allocated memory at amaxgroup_restr [B,KiB,MiB]:      3313122    3235.471     3.160

Dynamically allocated memory at amaxgroup_restr [B,KiB,MiB]:      3323366    3245.475     3.169

Dynamically allocated memory at amaxgroup_restr [B,KiB,MiB]:      3323966    3246.061     3.170

Dynamically allocated memory at amaxgroup_restr [B,KiB,MiB]:      3324366    3246.451     3.170

Dynamically allocated memory at amaxgroup_restr [B,KiB,MiB]:      3325878    3247.928     3.172

Dynamically allocated memory at amaxgroup_restr [B,KiB,MiB]:      3341242    3262.932     3.186

Dynamically allocated memory at amaxgroup_restr [B,KiB,MiB]:      3342142    3263.811     3.187

Dynamically allocated memory at amaxgroup_restr [B,KiB,MiB]:      3342742    3264.396     3.188

Dynamically allocated memory at amaxgroup_restr [B,KiB,MiB]:      3345010    3266.611     3.190

Dynamically allocated memory at amaxgroup_restr [B,KiB,MiB]:      3368058    3289.119     3.212

Dynamically allocated memory at amaxgroup_restr [B,KiB,MiB]:      3369402    3290.432     3.213

Dynamically allocated memory at amaxgroup_restr [B,KiB,MiB]:      3370302    3291.311     3.214

Dynamically allocated memory at amaxgroup_restr [B,KiB,MiB]:      3373706    3294.635     3.217

Dynamically allocated memory at amaxgroup_restr [B,KiB,MiB]:      3408278    3328.396     3.250

Dynamically allocated memory at amaxgroup_restr [B,KiB,MiB]:      3410294    3330.365     3.252

Dynamically allocated memory at amaxgroup_restr [B,KiB,MiB]:      3411642    3331.682     3.254

Dynamically allocated memory at amaxgroup_restr [B,KiB,MiB]:      3416746    3336.666     3.258

Dynamically allocated memory at amaxgroup_restr [B,KiB,MiB]:      3468602    3387.307     3.308

Dynamically allocated memory at amaxgroup_restr [B,KiB,MiB]:      3471626    3390.260     3.311

Dynamically allocated memory at amaxgroup_restr [B,KiB,MiB]:      3473650    3392.236     3.313

Dynamically allocated memory at amaxgroup_restr [B,KiB,MiB]:      3481306    3399.713     3.320

Dynamically allocated memory at amaxgroup_restr [B,KiB,MiB]:      3559090    3475.674     3.394

Dynamically allocated memory at amaxgroup_restr [B,KiB,MiB]:      3563626    3480.104     3.399

Dynamically allocated memory at amaxgroup_restr [B,KiB,MiB]:      3566662    3483.068     3.401

Dynamically allocated memory at amaxgroup_restr [B,KiB,MiB]:      3578146    3494.283     3.412

Dynamically allocated memory at amaxgroup_restr [B,KiB,MiB]:      3694822    3608.225     3.524

Dynamically allocated memory at amaxgroup_restr [B,KiB,MiB]:      3701626    3614.869     3.530

Dynamically allocated memory at amaxgroup_restr [B,KiB,MiB]:      3706178    3619.314     3.534

Dynamically allocated memory at amaxgroup_restr [B,KiB,MiB]:      3723406    3636.139     3.551

Dynamically allocated memory at amaxgroup_restr [B,KiB,MiB]:      3898422    3807.053     3.718

Dynamically allocated memory at amaxgroup_restr [B,KiB,MiB]:      3908634    3817.025     3.728

Dynamically allocated memory at amaxgroup_restr [B,KiB,MiB]:      3915462    3823.693     3.734

Dynamically allocated memory at amaxgroup_restr [B,KiB,MiB]:      3941302    3848.928     3.759

Dynamically allocated memory at amaxgroup_restr [B,KiB,MiB]:      4203826    4105.299     4.009

Dynamically allocated memory at amaxgroup_restr [B,KiB,MiB]:      4219138    4120.252     4.024

Dynamically allocated memory at amaxgroup_restr [B,KiB,MiB]:      4229382    4130.256     4.033

Dynamically allocated memory at amaxgroup_restr [B,KiB,MiB]:      4268142    4168.107     4.070

Dynamically allocated memory at amaxgroup_restr [B,KiB,MiB]:      4661926    4552.662     4.446

Dynamically allocated memory at amaxgroup_restr [B,KiB,MiB]:      4684894    4575.092     4.468

Dynamically allocated memory at amaxgroup_restr [B,KiB,MiB]:      4700258    4590.096     4.483

Dynamically allocated memory at amaxgroup_restr [B,KiB,MiB]:      4758398    4646.873     4.538

Dynamically allocated memory at amaxgroup_restr [B,KiB,MiB]:      5349074    5223.705     5.101

Dynamically allocated memory at amaxgroup_restr [B,KiB,MiB]:      5383526    5257.350     5.134

Dynamically allocated memory at amaxgroup_restr [B,KiB,MiB]:      5406574    5279.857     5.156

Dynamically allocated memory at amaxgroup_restr [B,KiB,MiB]:      5493786    5365.025     5.239

Dynamically allocated memory at amaxgroup_restr [B,KiB,MiB]:      6379802    6230.275     6.084

Dynamically allocated memory at amaxgroup_restr [B,KiB,MiB]:      6431486    6280.748     6.134

Dynamically allocated memory at amaxgroup_restr [B,KiB,MiB]:      6466058    6314.510     6.167

Dynamically allocated memory at amaxgroup_restr [B,KiB,MiB]:      6596874    6442.260     6.291

Dynamically allocated memory at amaxgroup_restr [B,KiB,MiB]:      7925898    7740.135     7.559
read_pa_232_> parameters    BONDS   ANGLS  DIHEDS IMPROPS    MODE
                                0       0       0       0   12561
>> Model assessment by DOPE potential
iatmcls_286W> MODEL atom not classified:  GLN:OXT  GLN
preppdf_453W> No fixed restraints selected; there may be some dynamic ones.
preppdf_454W> Restraints file was probably not read; use restraints.append().

Dynamically allocated memory at amaxhash_contac [B,KiB,MiB]:     10729126   10477.662    10.232

Dynamically allocated memory at  amaxrestraints [B,KiB,MiB]:     11255322   10991.525    10.734

Dynamically allocated memory at  amaxrestraints [B,KiB,MiB]:     11488914   11219.643    10.957

Dynamically allocated memory at  amaxrestraints [B,KiB,MiB]:     11956098   11675.877    11.402

Dynamically allocated memory at  amaxrestraints [B,KiB,MiB]:     12890466   12588.346    12.293

Dynamically allocated memory at  amaxrestraints [B,KiB,MiB]:     14759202   14413.283    14.075

Dynamically allocated memory at  amaxrestraints [B,KiB,MiB]:     18496674   18063.158    17.640

Dynamically allocated memory at  amaxrestraints [B,KiB,MiB]:     25971618   25362.908    24.768

Dynamically allocated memory at  amaxrestraints [B,KiB,MiB]:     40921506   39962.406    39.026


>> ENERGY; Differences between the model's features and restraints:
Number of all residues in MODEL                   :     1235
Number of all, selected real atoms                :     9733    9733
Number of all, selected pseudo atoms              :        0       0
Number of all static, selected restraints         :        0       0
COVALENT_CYS                                      :        F
NONBONDED_SEL_ATOMS                               :        1
Number of non-bonded pairs (excluding 1-2,1-3,1-4):  2525963
Dynamic pairs routine                             : 1, NATM x NATM double loop
Atomic shift for contacts update (UPDATE_DYNAMIC) :    0.390
LENNARD_JONES_SWITCH                              :    6.500   7.500
COULOMB_JONES_SWITCH                              :    6.500   7.500
RESIDUE_SPAN_RANGE                                :        1    9999
NLOGN_USE                                         :       15
CONTACT_SHELL                                     :   15.000
DYNAMIC_PAIRS,_SPHERE,_COULOMB,_LENNARD,_MODELLER :        T       F       F       F       T
SPHERE_STDV                                       :    0.050
RADII_FACTOR                                      :    0.820
Current energy                                    :      -86600.2344





Summary of the restraint violations: 

   NUM     ... number of restraints.
   NUMVI   ... number of restraints with RVIOL > VIOL_REPORT_CUT[i].
   RVIOL   ... relative difference from the best value.
   NUMVP   ... number of restraints with -Ln(pdf) > VIOL_REPORT_CUT2[i].
   RMS_1   ... RMS(feature, minimally_violated_basis_restraint, NUMB).
   RMS_2   ... RMS(feature, best_value, NUMB).
   MOL.PDF ... scaled contribution to -Ln(Molecular pdf).

 #                     RESTRAINT_GROUP      NUM   NUMVI  NUMVP   RMS_1   RMS_2         MOL.PDF     S_i
------------------------------------------------------------------------------------------------------
 1 Bond length potential              :       0       0      0   0.000   0.000      0.0000       0.000
 2 Bond angle potential               :       0       0      0   0.000   0.000      0.0000       0.000
 3 Stereochemical cosine torsion poten:       0       0      0   0.000   0.000      0.0000       0.000
 4 Stereochemical improper torsion pot:       0       0      0   0.000   0.000      0.0000       0.000
 5 Soft-sphere overlap restraints     :       0       0      0   0.000   0.000      0.0000       0.000
 6 Lennard-Jones 6-12 potential       :       0       0      0   0.000   0.000      0.0000       0.000
 7 Coulomb point-point electrostatic p:       0       0      0   0.000   0.000      0.0000       0.000
 8 H-bonding potential                :       0       0      0   0.000   0.000      0.0000       0.000
 9 Distance restraints 1 (CA-CA)      :       0       0      0   0.000   0.000      0.0000       0.000
10 Distance restraints 2 (N-O)        :       0       0      0   0.000   0.000      0.0000       0.000
11 Mainchain Phi dihedral restraints  :       0       0      0   0.000   0.000      0.0000       0.000
12 Mainchain Psi dihedral restraints  :       0       0      0   0.000   0.000      0.0000       0.000
13 Mainchain Omega dihedral restraints:       0       0      0   0.000   0.000      0.0000       0.000
14 Sidechain Chi_1 dihedral restraints:       0       0      0   0.000   0.000      0.0000       0.000
15 Sidechain Chi_2 dihedral restraints:       0       0      0   0.000   0.000      0.0000       0.000
16 Sidechain Chi_3 dihedral restraints:       0       0      0   0.000   0.000      0.0000       0.000
17 Sidechain Chi_4 dihedral restraints:       0       0      0   0.000   0.000      0.0000       0.000
18 Disulfide distance restraints      :       0       0      0   0.000   0.000      0.0000       0.000
19 Disulfide angle restraints         :       0       0      0   0.000   0.000      0.0000       0.000
20 Disulfide dihedral angle restraints:       0       0      0   0.000   0.000      0.0000       0.000
21 Lower bound distance restraints    :       0       0      0   0.000   0.000      0.0000       0.000
22 Upper bound distance restraints    :       0       0      0   0.000   0.000      0.0000       0.000
23 Distance restraints 3 (SDCH-MNCH)  :       0       0      0   0.000   0.000      0.0000       0.000
24 Sidechain Chi_5 dihedral restraints:       0       0      0   0.000   0.000      0.0000       0.000
25 Phi/Psi pair of dihedral restraints:       0       0      0   0.000   0.000      0.0000       0.000
26 Distance restraints 4 (SDCH-SDCH)  :       0       0      0   0.000   0.000      0.0000       0.000
27 Distance restraints 5 (X-Y)        :       0       0      0   0.000   0.000      0.0000       0.000
28 NMR distance restraints 6 (X-Y)    :       0       0      0   0.000   0.000      0.0000       0.000
29 NMR distance restraints 7 (X-Y)    :       0       0      0   0.000   0.000      0.0000       0.000
30 Minimal distance restraints        :       0       0      0   0.000   0.000      0.0000       0.000
31 Non-bonded restraints              : 2525796       0   6485   7.001   7.001     -86600.       1.000
32 Atomic accessibility restraints    :       0       0      0   0.000   0.000      0.0000       0.000
33 Atomic density restraints          :       0       0      0   0.000   0.000      0.0000       0.000
34 Absolute position restraints       :       0       0      0   0.000   0.000      0.0000       0.000
35 Dihedral angle difference restraint:       0       0      0   0.000   0.000      0.0000       0.000
36 GBSA implicit solvent potential    :       0       0      0   0.000   0.000      0.0000       0.000
37 EM density fitting potential       :       0       0      0   0.000   0.000      0.0000       0.000
38 SAXS restraints                    :       0       0      0   0.000   0.000      0.0000       0.000
39 Symmetry restraints                :       0       0      0   0.000   0.000      0.0000       0.000
do_prof_492W> Are you sure you want to calculate a normalized energy profile!



openf___224_> Open           qseq_PHKA2Wild.profile
# Energy of each residue is written to: qseq_PHKA2Wild.profile
# The profile IS normalized by the number of restraints.
# The profiles are smoothed over a window of residues:   13
# The sum of all numbers in the file:     -26.1981

<< end of ENERGY.
DOPE score               : -86600.234375

Dynamically allocated memory at          finish [B,KiB,MiB]:     40628734   39676.500    38.747
Starting time                                            : 2022/08/20 14:16:05
Closing time                                             : 2022/08/20 14:16:21
Total CPU time [seconds]                                 :      15.31
