
                         MODELLER 10.3, 2022/07/08, r12388

     PROTEIN STRUCTURE MODELLING BY SATISFACTION OF SPATIAL RESTRAINTS


                     Copyright(c) 1989-2022 Andrej Sali
                            All Rights Reserved

                             Written by A. Sali
                               with help from
              B. Webb, M.S. Madhusudhan, M-Y. Shen, G.Q. Dong,
          M.A. Marti-Renom, N. Eswar, F. Alber, M. Topf, B. Oliva,
             A. Fiser, R. Sanchez, B. Yerkovich, A. Badretdinov,
                     F. Melo, J.P. Overington, E. Feyfant
                 University of California, San Francisco, USA
                    Rockefeller University, New York, USA
                      Harvard University, Cambridge, USA
                   Imperial Cancer Research Fund, London, UK
              Birkbeck College, University of London, London, UK


Kind, OS, HostName, Kernel, Processor: 4, Windows Vista build 9200, LAPTOP-AUVLS05R, SMP, x86 Family 6 Model 140 Stepping 1

Date and time of compilation         : 2022/07/08 22:25:31
MODELLER executable type             : i386-w32
Job starting time (YY/MM/DD HH:MM:SS): 2022/08/19 14:56:42

openf___224_> Open           $(LIB)/restyp.lib
openf___224_> Open           ${MODINSTALL10v3}/modlib/resgrp.lib
rdresgr_266_> Number of residue groups:        2
openf___224_> Open           ${MODINSTALL10v3}/modlib/sstruc.lib

Dynamically allocated memory at   amaxlibraries [B,KiB,MiB]:       191562     187.072     0.183

Dynamically allocated memory at   amaxlibraries [B,KiB,MiB]:       192090     187.588     0.183
openf___224_> Open           ${MODINSTALL10v3}/modlib/resdih.lib

Dynamically allocated memory at   amaxlibraries [B,KiB,MiB]:       240690     235.049     0.230
rdrdih__263_> Number of dihedral angle types         :        9
              Maximal number of dihedral angle optima:        3
              Dihedral angle names                   :  Alph Phi Psi Omeg chi1 chi2 chi3 chi4 chi5
openf___224_> Open           ${MODINSTALL10v3}/modlib/radii.lib

Dynamically allocated memory at   amaxlibraries [B,KiB,MiB]:       253990     248.037     0.242
openf___224_> Open           ${MODINSTALL10v3}/modlib/af_mnchdef.lib
rdwilmo_274_> Mainchain residue conformation classes:  APBLE
openf___224_> Open           ${MODINSTALL10v3}/modlib/mnch.lib
rdclass_257_> Number of classes:        5
openf___224_> Open           ${MODINSTALL10v3}/modlib/mnch1.lib
openf___224_> Open           ${MODINSTALL10v3}/modlib/mnch2.lib
openf___224_> Open           ${MODINSTALL10v3}/modlib/mnch3.lib
openf___224_> Open           ${MODINSTALL10v3}/modlib/xs4.mat
rdrrwgh_268_> Number of residue types:       21
openf___224_> Open           pdb_95.pir

Dynamically allocated memory at amaxsequence_db [B,KiB,MiB]:       298788     291.785     0.285

Dynamically allocated memory at amaxsequence_db [B,KiB,MiB]:       885922     865.158     0.845

Dynamically allocated memory at   amaxalignment [B,KiB,MiB]:       888144     867.328     0.847

Dynamically allocated memory at   amaxalignment [B,KiB,MiB]:       889594     868.744     0.848

Dynamically allocated memory at   amaxalignment [B,KiB,MiB]:       892494     871.576     0.851

Dynamically allocated memory at amaxsequence_db [B,KiB,MiB]:      3108293    3035.442     2.964

Dynamically allocated memory at   amaxalignment [B,KiB,MiB]:      3114093    3041.106     2.970

Dynamically allocated memory at   amaxalignment [B,KiB,MiB]:      3125693    3052.435     2.981

Dynamically allocated memory at   amaxalignment [B,KiB,MiB]:      3148893    3075.091     3.003

Dynamically allocated memory at amaxsequence_db [B,KiB,MiB]:      4256793    4157.024     4.060

SEQ_DATABASE_FILE         : pdb_95.pir
SEQ_DATABASE_FORMAT       : PIR
CHAINS_LIST               : ALL
CLEAN_SEQUENCES           :            T
MINMAX_DB_SEQ_LEN         :           30        4000
Number of sequences       :        11079
Number of residues        :      2436254
Length of longest sequence:         1491


SEQ_DATABASE_FILE         : pdb_95.bin
SEQ_DATABASE_FORMAT       : BINARY
SEARCH_CHAINS_LIST        : ALL
Number of sequences       :        11079
Number of residues        :      2436254
Length of longest sequence:         1491


SEQ_DATABASE_FILE         : pdb_95.bin
SEQ_DATABASE_FORMAT       : BINARY
CHAINS_LIST               : ALL
CLEAN_SEQUENCES           :            T
MINMAX_DB_SEQ_LEN         :            0      999999
Number of sequences       :        11079
Number of residues        :      2436254
Length of longest sequence:         1491

openf______E> Cannot open file PHKA2Wild.ali: No such file or directory

